Build started 14.12.2016 15:42:22.
     1>Project "C:\Users\Sergeev.A.P\Documents\GitHub\Base\Labwork4_SystemControl\Labwork4_SystemControl.vcxproj" on node 2 (build target(s)).
     1>InitializeBuildStatus:
         Touching "Debug\base.unsuccessfulbuild".
       ClCompile:
         C:\Program Files (x86)\Microsoft Visual Studio 10.0\VC\bin\CL.exe /c /ZI /nologo /W3 /WX- /Od /Oy- /D WIN32 /D _DEBUG /D _CONSOLE /D _UNICODE /D UNICODE /Gm /EHsc /RTC1 /MDd /GS /fp:precise /Zc:wchar_t /Zc:forScope /Fo"Debug\\" /Fd"Debug\vc100.pdb" /Gd /TP /analyze- /errorReport:prompt Main.cpp SystemControl.cpp TQueue.cpp
         SystemControl.cpp
         Generating Code...
         Compiling...
         TQueue.cpp
         Main.cpp
         Generating Code...
       ManifestResourceCompile:
         c:\Program Files (x86)\Microsoft SDKs\Windows\v7.0A\bin\rc.exe /nologo /fo"Debug\base.exe.embed.manifest.res" Debug\base_manifest.rc 
       Link:
         C:\Program Files (x86)\Microsoft Visual Studio 10.0\VC\bin\link.exe /ERRORREPORT:PROMPT /OUT:"C:\Users\Sergeev.A.P\Documents\GitHub\Base\Debug\base.exe" /INCREMENTAL /NOLOGO kernel32.lib user32.lib gdi32.lib winspool.lib comdlg32.lib advapi32.lib shell32.lib ole32.lib oleaut32.lib uuid.lib odbc32.lib odbccp32.lib /MANIFEST /ManifestFile:"Debug\base.exe.intermediate.manifest" /MANIFESTUAC:"level='asInvoker' uiAccess='false'" /DEBUG /PDB:"C:\Users\Sergeev.A.P\Documents\GitHub\Base\Debug\base.pdb" /SUBSYSTEM:CONSOLE /TLBID:1 /DYNAMICBASE /NXCOMPAT /IMPLIB:"C:\Users\Sergeev.A.P\Documents\GitHub\Base\Debug\base.lib" /MACHINE:X86 Debug\base.exe.embed.manifest.res
         Debug\Main.obj
         Debug\SystemControl.obj
         Debug\TQueue.obj
       Manifest:
         c:\Program Files (x86)\Microsoft SDKs\Windows\v7.0A\bin\mt.exe /nologo /verbose /out:"Debug\base.exe.embed.manifest" /manifest Debug\base.exe.intermediate.manifest
         c:\Program Files (x86)\Microsoft SDKs\Windows\v7.0A\bin\rc.exe /nologo /fo"Debug\base.exe.embed.manifest.res" Debug\base_manifest.rc 
       LinkEmbedManifest:
         C:\Program Files (x86)\Microsoft Visual Studio 10.0\VC\bin\link.exe /ERRORREPORT:PROMPT /OUT:"C:\Users\Sergeev.A.P\Documents\GitHub\Base\Debug\base.exe" /INCREMENTAL /NOLOGO kernel32.lib user32.lib gdi32.lib winspool.lib comdlg32.lib advapi32.lib shell32.lib ole32.lib oleaut32.lib uuid.lib odbc32.lib odbccp32.lib /MANIFEST /ManifestFile:"Debug\base.exe.intermediate.manifest" /MANIFESTUAC:"level='asInvoker' uiAccess='false'" /DEBUG /PDB:"C:\Users\Sergeev.A.P\Documents\GitHub\Base\Debug\base.pdb" /SUBSYSTEM:CONSOLE /TLBID:1 /DYNAMICBASE /NXCOMPAT /IMPLIB:"C:\Users\Sergeev.A.P\Documents\GitHub\Base\Debug\base.lib" /MACHINE:X86 Debug\base.exe.embed.manifest.res
         Debug\Main.obj
         Debug\SystemControl.obj
         Debug\TQueue.obj
         Labwork4_SystemControl.vcxproj -> C:\Users\Sergeev.A.P\Documents\GitHub\Base\Debug\base.exe
       FinalizeBuildStatus:
         Deleting file "Debug\base.unsuccessfulbuild".
         Touching "Debug\base.lastbuildstate".
     1>Done Building Project "C:\Users\Sergeev.A.P\Documents\GitHub\Base\Labwork4_SystemControl\Labwork4_SystemControl.vcxproj" (build target(s)).

Build succeeded.

Time Elapsed 00:00:02.09
